951 1098 1011 971 994 1101 1029 1096 977 1109 1100 1027 994 1065 1158 974 957 1023 1151 1030 1090 1081 1016 980 953 1107 1012 954 999 1133 973 1037 984 937 1030 1017 1063 1041 1011 973 1018 1105 1037 1083 987 1038 980 1069 1025 1063 
986 1063 1046 992 1005 1096 1024 1131 972 1074 1111 1043 1015 1076 1153 985 922 988 1146 1025 1085 1046 981 1015 988 1118 1033 989 1010 1154 968 1072 1005 972 1051 1012 1079 1052 1042 938 1029 1116 1032 1099 1022 1033 996 1090 990 1074 
988 1075 1048 968 981 1044 972 1133 920 1086 1065 997 982 1080 1101 989 974 1014 1094 973 1033 1098 993 1017 990 1122 999 991 1014 1121 916 1094 971 974 1017 960 1033 1006 1018 990 1033 1092 980 1053 1024 981 950 1056 1042 1028 
999 1043 1059 979 992 1076 1004 1144 952 1054 1097 1029 1002 1086 1133 995 942 982 1126 1005 1065 1066 961 1028 1001 1128 1020 1002 1020 1141 948 1092 992 985 1038 992 1065 1038 1029 958 1039 1103 1012 1085 1035 1013 982 1077 1010 1060 
1005 1053 1065 985 998 1066 994 1150 942 1064 1087 1019 1004 1096 1123 1005 952 992 1116 995 1055 1076 971 1034 1007 1138 1021 1008 1030 1143 938 1102 993 991 1039 982 1055 1028 1035 968 1049 1109 1002 1075 1041 1003 972 1078 1020 1050 
985 1125 1030 935 1008 1105 1010 1115 981 1136 1066 960 921 1107 1143 1016 1017 1061 1148 1034 1094 1141 1043 999 987 1149 938 988 1041 1060 958 1111 910 956 956 1021 996 1007 993 1033 1060 1119 1018 1016 1006 1023 913 995 1085 1029 
966 1076 1026 946 959 1066 994 1111 942 1087 1065 997 969 1058 1123 967 968 1012 1116 995 1055 1092 994 995 968 1100 987 969 992 1108 938 1072 959 952 1005 982 1033 1006 996 984 1011 1070 1002 1053 1002 1003 950 1044 1036 1028 
996 1105 1042 947 989 1074 979 1127 950 1116 1035 967 952 1088 1112 997 998 1042 1117 1003 1063 1122 1023 1011 998 1130 969 999 1022 1091 927 1102 941 968 987 990 1003 976 1005 1014 1041 1100 987 1023 1018 992 920 1026 1066 998 
947 1127 975 952 1010 1117 1045 1060 993 1138 1102 1008 975 1086 1174 995 993 1052 1167 1046 1106 1117 1045 944 949 1128 993 950 1020 1114 989 1073 965 901 1011 1033 1044 1043 992 1009 1039 1121 1053 1064 951 1054 961 1050 1061 1065 
966 1106 1011 916 989 1096 1010 1096 972 1117 1066 972 939 1088 1143 997 998 1042 1146 1025 1085 1122 1024 980 968 1130 957 969 1022 1078 958 1092 929 937 975 1012 1008 1007 974 1014 1041 1100 1018 1028 987 1023 925 1014 1066 1029 
990 1124 1035 940 1008 1093 998 1120 969 1135 1054 948 933 1107 1131 1016 1017 1061 1136 1022 1082 1141 1042 1004 992 1149 950 993 1041 1072 946 1116 922 961 968 1009 984 995 998 1033 1060 1119 1006 1004 1011 1011 901 1007 1085 1017 
1014 1101 1074 994 1007 1070 964 1159 946 1112 1084 1016 1001 1106 1107 1015 1000 1040 1068 999 1059 1124 1019 1043 1016 1148 1018 1017 1040 1140 922 1120 990 1000 1036 986 1052 1025 1044 1016 1059 1118 972 1072 1050 987 969 1075 1068 1047 
957 1107 1002 925 990 1097 1019 1087 973 1118 1075 981 948 1089 1152 998 999 1043 1147 1026 1086 1123 1025 971 959 1131 966 960 1023 1087 967 1083 938 928 984 1013 1017 1016 965 1015 1042 1101 1027 1037 978 1032 934 1023 1067 1038 
1004 1091 1064 974 997 1060 956 1149 936 1102 1062 994 979 1096 1085 1005 990 1030 1090 989 1049 1114 1009 1033 1006 1138 996 1007 1030 1118 900 1110 968 990 1014 976 1030 1003 1032 1006 1049 1108 964 1050 1040 965 947 1053 1058 1025 
986 1083 1046 1006 1025 1116 1044 1131 992 1094 1131 1062 1029 1096 1173 1005 942 1008 1166 1045 1105 1066 1001 1015 988 1138 1047 989 1030 1168 988 1072 1019 972 1065 1032 1098 1072 1046 958 1049 1136 1052 1118 1022 1053 1015 1104 1010 1094 
1017 1104 1077 983 1010 1073 943 1162 949 1115 1071 1003 988 1109 1098 1018 1003 1043 1089 1002 1062 1127 1022 1046 1019 1151 1005 1020 1043 1127 913 1123 977 1003 1023 989 1039 1012 1041 1019 1062 1121 951 1059 1053 978 956 1062 1071 1034 
931 1111 991 951 994 1101 1029 1076 977 1122 1100 1007 974 1070 1158 979 977 1036 1151 1030 1090 1101 1029 960 933 1112 992 934 1004 1113 973 1057 964 917 1010 1017 1043 1041 991 993 1023 1105 1037 1063 967 1038 960 1049 1045 1063 
992 1050 1052 983 996 1083 1011 1137 959 1061 1102 1034 1006 1079 1140 988 935 975 1133 1012 1072 1059 968 1021 994 1121 1024 995 1013 1145 955 1085 996 978 1042 999 1070 1043 1033 951 1032 1107 1019 1090 1028 1020 987 1081 1003 1065 
957 1085 1017 960 973 1080 1008 1102 956 1096 1079 1011 983 1044 1137 953 954 1010 1130 1009 1069 1078 1003 986 959 1086 1001 960 978 1122 952 1058 973 943 1019 996 1047 1020 1010 970 997 1084 1016 1067 993 1017 964 1058 1022 1042 
992 1132 1037 942 1015 1113 1018 1122 989 1143 1074 968 913 1114 1151 1023 1024 1068 1156 1042 1102 1148 1050 1006 994 1156 946 995 1048 1052 966 1118 918 963 964 1029 1004 1015 1000 1040 1067 1126 1026 1024 1013 1031 921 1003 1092 1037 
